<?xml version="1.0" encoding="UTF-8"?>
<testng-results skipped="0" failed="0" total="1" passed="1">
  <reporter-output>
  </reporter-output>
  <suite name="Default suite" duration-ms="34" started-at="2021-12-10T07:01:04Z" finished-at="2021-12-10T07:01:04Z">
    <groups>
    </groups>
    <test name="Default test" duration-ms="34" started-at="2021-12-10T07:01:04Z" finished-at="2021-12-10T07:01:04Z">
      <class name="com.crm.SDET02.DemoTest">
        <test-method status="PASS" signature="demo()[pri:0, instance:com.crm.SDET02.DemoTest@47d384ee]" name="demo" duration-ms="0" started-at="2021-12-10T12:31:04Z" finished-at="2021-12-10T12:31:04Z">
          <reporter-output>
          </reporter-output>
        </test-method> <!-- demo -->
      </class> <!-- com.crm.SDET02.DemoTest -->
    </test> <!-- Default test -->
  </suite> <!-- Default suite -->
</testng-results>
